<?xml version="1.0" encoding="UTF-8"?>
<!-- Generated by org.testng.reporters.JUnitXMLReporter -->
<testsuite ignored="1" hostname="FARHANA" failures="0" tests="11" name="BBC Automation Test Script using chrome" time="21.57" errors="0" timestamp="2021-04-09T21:42:53 EDT">
  <testcase classname="common.WebAPI" name="@BeforeMethod setUp" time="18.989">
    <failure type="org.openqa.selenium.TimeoutException" message="timeout: Timed out receiving message from renderer: 14.106
  (Session info: chrome=89.0.4389.114)
Build info: version: &amp;apos;3.141.59&amp;apos;, revision: &amp;apos;e82be7d358&amp;apos;, time: &amp;apos;2018-11-14T08:17:03&amp;apos;
System info: host: &amp;apos;FARHANA&amp;apos;, ip: &amp;apos;192.168.223.1&amp;apos;, os.name: &amp;apos;Windows 10&amp;apos;, os.arch: &amp;apos;amd64&amp;apos;, os.version: &amp;apos;10.0&amp;apos;, java.version: &amp;apos;11.0.9&amp;apos;
Driver info: org.openqa.selenium.chrome.ChromeDriver
Capabilities {acceptInsecureCerts: false, browserName: chrome, browserVersion: 89.0.4389.114, chrome: {chromedriverVersion: 89.0.4389.23 (61b08ee2c5002..., userDataDir: C:\Users\OCP\AppData\Local\...}, goog:chromeOptions: {debuggerAddress: localhost:50477}, javascriptEnabled: true, networkConnectionEnabled: false, pageLoadStrategy: normal, platform: WINDOWS, platformName: WINDOWS, proxy: Proxy(), setWindowRect: true, strictFileInteractability: false, timeouts: {implicit: 0, pageLoad: 300000, script: 30000}, unhandledPromptBehavior: dismiss and notify, webauthn:extension:largeBlob: true, webauthn:virtualAuthenticators: true}
Session ID: 5a22a2985b3e13d9c00d60dd2c1483ab">
      <![CDATA[org.openqa.selenium.TimeoutException: timeout: Timed out receiving message from renderer: 14.106
  (Session info: chrome=89.0.4389.114)
Build info: version: '3.141.59', revision: 'e82be7d358', time: '2018-11-14T08:17:03'
System info: host: 'FARHANA', ip: '192.168.223.1', os.name: 'Windows 10', os.arch: 'amd64', os.version: '10.0', java.version: '11.0.9'
Driver info: org.openqa.selenium.chrome.ChromeDriver
Capabilities {acceptInsecureCerts: false, browserName: chrome, browserVersion: 89.0.4389.114, chrome: {chromedriverVersion: 89.0.4389.23 (61b08ee2c5002..., userDataDir: C:\Users\OCP\AppData\Local\...}, goog:chromeOptions: {debuggerAddress: localhost:50477}, javascriptEnabled: true, networkConnectionEnabled: false, pageLoadStrategy: normal, platform: WINDOWS, platformName: WINDOWS, proxy: Proxy(), setWindowRect: true, strictFileInteractability: false, timeouts: {implicit: 0, pageLoad: 300000, script: 30000}, unhandledPromptBehavior: dismiss and notify, webauthn:extension:largeBlob: true, webauthn:virtualAuthenticators: true}
Session ID: 5a22a2985b3e13d9c00d60dd2c1483ab
at org.openqa.selenium.remote.http.W3CHttpResponseCodec.createException(W3CHttpResponseCodec.java:187)
at org.openqa.selenium.remote.http.W3CHttpResponseCodec.decode(W3CHttpResponseCodec.java:122)
at org.openqa.selenium.remote.http.W3CHttpResponseCodec.decode(W3CHttpResponseCodec.java:49)
at org.openqa.selenium.remote.HttpCommandExecutor.execute(HttpCommandExecutor.java:158)
at org.openqa.selenium.remote.service.DriverCommandExecutor.execute(DriverCommandExecutor.java:83)
at org.openqa.selenium.remote.RemoteWebDriver.execute(RemoteWebDriver.java:552)
at org.openqa.selenium.remote.RemoteWebDriver.get(RemoteWebDriver.java:277)
at common.WebAPI.setUp(WebAPI.java:264)
at java.base/java.util.ArrayList.forEach(ArrayList.java:1541)
... Removed 39 stack frames]]>
    </failure>
  </testcase> <!-- @BeforeMethod setUp -->
  <testcase classname="common.WebAPI" name="@BeforeMethod startExtent" time="-1.618018970968E9">
    <skipped/>
  </testcase> <!-- @BeforeMethod startExtent -->
  <testcase classname="news_world_test.NewsWorldTest" name="@BeforeMethod getInIt" time="-1.618018970969E9">
    <skipped/>
  </testcase> <!-- @BeforeMethod getInIt -->
  <testcase classname="common.WebAPI" name="@AfterMethod afterEachTestMethod" time="-1.618018970973E9">
    <skipped/>
  </testcase> <!-- @AfterMethod afterEachTestMethod -->
  <testcase classname="common.WebAPI" name="@BeforeMethod setUp" time="-1.618018973447E9">
    <skipped/>
  </testcase> <!-- @BeforeMethod setUp -->
  <testcase classname="common.WebAPI" name="@BeforeMethod startExtent" time="-1.618018973448E9">
    <skipped/>
  </testcase> <!-- @BeforeMethod startExtent -->
  <testcase classname="news_world_test.NewsWorldTest" name="@BeforeMethod getInIt" time="-1.618018973448E9">
    <skipped/>
  </testcase> <!-- @BeforeMethod getInIt -->
  <testcase classname="common.WebAPI" name="@AfterMethod afterEachTestMethod" time="-1.61801897345E9">
    <skipped/>
  </testcase> <!-- @AfterMethod afterEachTestMethod -->
  <testcase classname="common.WebAPI" name="@BeforeMethod setUp" time="-1.618018973452E9">
    <skipped/>
  </testcase> <!-- @BeforeMethod setUp -->
  <testcase classname="common.WebAPI" name="@BeforeMethod startExtent" time="-1.618018973453E9">
    <skipped/>
  </testcase> <!-- @BeforeMethod startExtent -->
  <testcase classname="news_world_test.NewsWorldTest" name="@BeforeMethod getInIt" time="-1.618018973453E9">
    <skipped/>
  </testcase> <!-- @BeforeMethod getInIt -->
  <testcase classname="common.WebAPI" name="@AfterMethod afterEachTestMethod" time="-1.618018973454E9">
    <skipped/>
  </testcase> <!-- @AfterMethod afterEachTestMethod -->
  <testcase classname="common.WebAPI" name="@BeforeMethod setUp" time="-1.618018973456E9">
    <skipped/>
  </testcase> <!-- @BeforeMethod setUp -->
  <testcase classname="common.WebAPI" name="@BeforeMethod startExtent" time="-1.618018973456E9">
    <skipped/>
  </testcase> <!-- @BeforeMethod startExtent -->
  <testcase classname="news_world_test.NewsWorldTest" name="@BeforeMethod getInIt" time="-1.618018973456E9">
    <skipped/>
  </testcase> <!-- @BeforeMethod getInIt -->
  <testcase classname="common.WebAPI" name="@AfterMethod afterEachTestMethod" time="-1.618018973458E9">
    <skipped/>
  </testcase> <!-- @AfterMethod afterEachTestMethod -->
  <testcase classname="common.WebAPI" name="@BeforeMethod setUp" time="-1.618018973459E9">
    <skipped/>
  </testcase> <!-- @BeforeMethod setUp -->
  <testcase classname="common.WebAPI" name="@BeforeMethod startExtent" time="-1.618018973459E9">
    <skipped/>
  </testcase> <!-- @BeforeMethod startExtent -->
  <testcase classname="news_world_test.NewsWorldTest" name="@BeforeMethod getInIt" time="-1.61801897346E9">
    <skipped/>
  </testcase> <!-- @BeforeMethod getInIt -->
  <testcase classname="common.WebAPI" name="@AfterMethod afterEachTestMethod" time="-1.618018973463E9">
    <skipped/>
  </testcase> <!-- @AfterMethod afterEachTestMethod -->
  <testcase classname="common.WebAPI" name="@BeforeMethod setUp" time="-1.618018973464E9">
    <skipped/>
  </testcase> <!-- @BeforeMethod setUp -->
  <testcase classname="common.WebAPI" name="@BeforeMethod startExtent" time="-1.618018973465E9">
    <skipped/>
  </testcase> <!-- @BeforeMethod startExtent -->
  <testcase classname="news_world_test.NewsWorldTest" name="@BeforeMethod getInIt" time="-1.618018973465E9">
    <skipped/>
  </testcase> <!-- @BeforeMethod getInIt -->
  <testcase classname="common.WebAPI" name="@AfterMethod afterEachTestMethod" time="-1.618018973468E9">
    <skipped/>
  </testcase> <!-- @AfterMethod afterEachTestMethod -->
  <testcase classname="common.WebAPI" name="@BeforeMethod setUp" time="-1.618018973469E9">
    <skipped/>
  </testcase> <!-- @BeforeMethod setUp -->
  <testcase classname="common.WebAPI" name="@BeforeMethod startExtent" time="-1.61801897347E9">
    <skipped/>
  </testcase> <!-- @BeforeMethod startExtent -->
  <testcase classname="news_world_test.NewsWorldTest" name="@BeforeMethod getInIt" time="-1.61801897347E9">
    <skipped/>
  </testcase> <!-- @BeforeMethod getInIt -->
  <testcase classname="common.WebAPI" name="@AfterMethod afterEachTestMethod" time="-1.618018973473E9">
    <skipped/>
  </testcase> <!-- @AfterMethod afterEachTestMethod -->
  <testcase classname="common.WebAPI" name="@BeforeMethod setUp" time="-1.618018973475E9">
    <skipped/>
  </testcase> <!-- @BeforeMethod setUp -->
  <testcase classname="common.WebAPI" name="@BeforeMethod startExtent" time="-1.618018973475E9">
    <skipped/>
  </testcase> <!-- @BeforeMethod startExtent -->
  <testcase classname="news_world_test.NewsWorldTest" name="@BeforeMethod getInIt" time="-1.618018973475E9">
    <skipped/>
  </testcase> <!-- @BeforeMethod getInIt -->
  <testcase classname="common.WebAPI" name="@AfterMethod afterEachTestMethod" time="-1.618018973476E9">
    <skipped/>
  </testcase> <!-- @AfterMethod afterEachTestMethod -->
  <testcase classname="common.WebAPI" name="@BeforeMethod setUp" time="-1.618018973477E9">
    <skipped/>
  </testcase> <!-- @BeforeMethod setUp -->
  <testcase classname="common.WebAPI" name="@BeforeMethod startExtent" time="-1.618018973478E9">
    <skipped/>
  </testcase> <!-- @BeforeMethod startExtent -->
  <testcase classname="news_world_test.NewsWorldTest" name="@BeforeMethod getInIt" time="-1.618018973478E9">
    <skipped/>
  </testcase> <!-- @BeforeMethod getInIt -->
  <testcase classname="common.WebAPI" name="@AfterMethod afterEachTestMethod" time="-1.61801897348E9">
    <skipped/>
  </testcase> <!-- @AfterMethod afterEachTestMethod -->
  <testcase classname="common.WebAPI" name="@BeforeMethod setUp" time="-1.618018973483E9">
    <skipped/>
  </testcase> <!-- @BeforeMethod setUp -->
  <testcase classname="common.WebAPI" name="@BeforeMethod startExtent" time="-1.618018973485E9">
    <skipped/>
  </testcase> <!-- @BeforeMethod startExtent -->
  <testcase classname="news_world_test.NewsWorldTest" name="@BeforeMethod getInIt" time="-1.618018973485E9">
    <skipped/>
  </testcase> <!-- @BeforeMethod getInIt -->
  <testcase classname="common.WebAPI" name="@AfterMethod afterEachTestMethod" time="-1.618018973486E9">
    <skipped/>
  </testcase> <!-- @AfterMethod afterEachTestMethod -->
  <testcase classname="common.WebAPI" name="@BeforeMethod setUp" time="-1.618018973488E9">
    <skipped/>
  </testcase> <!-- @BeforeMethod setUp -->
  <testcase classname="common.WebAPI" name="@BeforeMethod startExtent" time="-1.618018973488E9">
    <skipped/>
  </testcase> <!-- @BeforeMethod startExtent -->
  <testcase classname="news_world_test.NewsWorldTest" name="@BeforeMethod getInIt" time="-1.618018973489E9">
    <skipped/>
  </testcase> <!-- @BeforeMethod getInIt -->
  <testcase classname="common.WebAPI" name="@AfterMethod afterEachTestMethod" time="-1.618018973491E9">
    <skipped/>
  </testcase> <!-- @AfterMethod afterEachTestMethod -->
  <testcase classname="news_world_test.NewsWorldTest" name="validateAtoZisDisplayed" time="0.0">
    <skipped/>
  </testcase> <!-- validateAtoZisDisplayed -->
  <testcase classname="news_world_test.NewsWorldTest" name="validateBBCPrograms" time="0.0">
    <skipped/>
  </testcase> <!-- validateBBCPrograms -->
  <testcase classname="news_world_test.NewsWorldTest" name="validateBBCSocialTitleGetAttribute" time="0.0">
    <skipped/>
  </testcase> <!-- validateBBCSocialTitleGetAttribute -->
  <testcase classname="news_world_test.NewsWorldTest" name="validateContactBBC" time="0.0">
    <skipped/>
  </testcase> <!-- validateContactBBC -->
  <testcase classname="news_world_test.NewsWorldTest" name="validateExploreBBCGetText" time="0.0">
    <skipped/>
  </testcase> <!-- validateExploreBBCGetText -->
  <testcase classname="news_world_test.NewsWorldTest" name="validateFacebookLogoIsDisplayed" time="0.0">
    <skipped/>
  </testcase> <!-- validateFacebookLogoIsDisplayed -->
  <testcase classname="news_world_test.NewsWorldTest" name="validateFindAProgram" time="0.0">
    <skipped/>
  </testcase> <!-- validateFindAProgram -->
  <testcase classname="news_world_test.NewsWorldTest" name="validateInstagramLogoIsDisplayed" time="0.0">
    <skipped/>
  </testcase> <!-- validateInstagramLogoIsDisplayed -->
  <testcase classname="news_world_test.NewsWorldTest" name="validateNonFunctionalityOfSportImage" time="0.0">
    <skipped/>
  </testcase> <!-- validateNonFunctionalityOfSportImage -->
  <testcase classname="news_world_test.NewsWorldTest" name="validateTwitterLogoIsDisplayed" time="0.0">
    <skipped/>
  </testcase> <!-- validateTwitterLogoIsDisplayed -->
  <testcase classname="news_world_test.NewsWorldTest" name="validateUrlIsAsExpected" time="0.0">
    <skipped/>
  </testcase> <!-- validateUrlIsAsExpected -->
  <testcase classname="news_world_test.NewsWorldTest" name="verifyBBCHomePage" time="0.0">
    <ignored/>
  </testcase> <!-- verifyBBCHomePage -->
</testsuite> <!-- BBC Automation Test Script using chrome -->
