<?xml version="1.0" encoding="UTF-8"?>
<!-- Generated by org.testng.reporters.JUnitXMLReporter -->
<testsuite ignored="3" hostname="Alelign" failures="1" tests="23" name="BBC Automation Test Script using multiple Browser Option" time="411.476" errors="0" timestamp="2021-03-27T19:47:28 EDT">
  <testcase classname="test_page.BBCTest" name="verifyAFilmLinkIsOpened" time="6.369"/>
  <testcase classname="test_page.BBCTest" name="verifyArtLinkIsPerformed" time="7.065"/>
  <testcase classname="test_page.BBCTest" name="verifyClickOnLiteratureLink" time="12.408"/>
  <testcase classname="test_page.BBCTest" name="verifyCollectionPageWithText" time="9.305"/>
  <testcase classname="test_page.BBCTest" name="verifyCollectionTab" time="8.774"/>
  <testcase classname="test_page.BBCTest" name="verifyCulturePageIsDisplayed" time="5.558"/>
  <testcase classname="test_page.BBCTest" name="verifyFilmBrokeSeveralTaboosIsOpened" time="6.79"/>
  <testcase classname="test_page.BBCTest" name="verifyIdentitiesTab" time="7.993"/>
  <testcase classname="test_page.BBCTest" name="verifyLookingForBooks" time="8.703"/>
  <testcase classname="test_page.BBCTest" name="verifyMusicTab" time="7.309"/>
  <testcase classname="test_page.BBCTest" name="verifyOpenMoreTab" time="11.311"/>
  <testcase classname="test_page.BBCTest" name="verifyOurLoveAffairsHomesLink" time="20.579"/>
  <testcase classname="test_page.BBCTest" name="verifyPhotographyTab" time="25.505">
    <failure type="org.openqa.selenium.NoSuchElementException" message="Unable to locate element: //p[normalize-space()=&amp;apos;Photography&amp;apos;]
For documentation on this error, please visit: https://www.seleniumhq.org/exceptions/no_such_element.html
Build info: version: &amp;apos;3.141.59&amp;apos;, revision: &amp;apos;e82be7d358&amp;apos;, time: &amp;apos;2018-11-14T08:17:03&amp;apos;
System info: host: &amp;apos;ALELIGN&amp;apos;, ip: &amp;apos;192.168.188.1&amp;apos;, os.name: &amp;apos;Windows 10&amp;apos;, os.arch: &amp;apos;amd64&amp;apos;, os.version: &amp;apos;10.0&amp;apos;, java.version: &amp;apos;11.0.9&amp;apos;
Driver info: org.openqa.selenium.firefox.FirefoxDriver
Capabilities {acceptInsecureCerts: true, browserName: firefox, browserVersion: 87.0, javascriptEnabled: true, moz:accessibilityChecks: false, moz:buildID: 20210318103112, moz:geckodriverVersion: 0.29.0, moz:headless: false, moz:processID: 22908, moz:profile: C:\Users\Alelign\AppData\Lo..., moz:shutdownTimeout: 60000, moz:useNonSpecCompliantPointerOrigin: false, moz:webdriverClick: true, pageLoadStrategy: normal, platform: WINDOWS, platformName: WINDOWS, platformVersion: 10.0, rotatable: false, setWindowRect: true, strictFileInteractability: false, timeouts: {implicit: 0, pageLoad: 300000, script: 30000}, unhandledPromptBehavior: dismiss and notify}
Session ID: b7b0f5d3-8d56-4dee-bfb7-3cf630bde041
*** Element info: {Using=xpath, value=//p[normalize-space()=&amp;apos;Photography&amp;apos;]}">
      <![CDATA[org.openqa.selenium.NoSuchElementException: Unable to locate element: //p[normalize-space()='Photography']
For documentation on this error, please visit: https://www.seleniumhq.org/exceptions/no_such_element.html
Build info: version: '3.141.59', revision: 'e82be7d358', time: '2018-11-14T08:17:03'
System info: host: 'ALELIGN', ip: '192.168.188.1', os.name: 'Windows 10', os.arch: 'amd64', os.version: '10.0', java.version: '11.0.9'
Driver info: org.openqa.selenium.firefox.FirefoxDriver
Capabilities {acceptInsecureCerts: true, browserName: firefox, browserVersion: 87.0, javascriptEnabled: true, moz:accessibilityChecks: false, moz:buildID: 20210318103112, moz:geckodriverVersion: 0.29.0, moz:headless: false, moz:processID: 22908, moz:profile: C:\Users\Alelign\AppData\Lo..., moz:shutdownTimeout: 60000, moz:useNonSpecCompliantPointerOrigin: false, moz:webdriverClick: true, pageLoadStrategy: normal, platform: WINDOWS, platformName: WINDOWS, platformVersion: 10.0, rotatable: false, setWindowRect: true, strictFileInteractability: false, timeouts: {implicit: 0, pageLoad: 300000, script: 30000}, unhandledPromptBehavior: dismiss and notify}
Session ID: b7b0f5d3-8d56-4dee-bfb7-3cf630bde041
*** Element info: {Using=xpath, value=//p[normalize-space()='Photography']}
at org.openqa.selenium.remote.http.W3CHttpResponseCodec.createException(W3CHttpResponseCodec.java:187)
at org.openqa.selenium.remote.http.W3CHttpResponseCodec.decode(W3CHttpResponseCodec.java:122)
at org.openqa.selenium.remote.http.W3CHttpResponseCodec.decode(W3CHttpResponseCodec.java:49)
at org.openqa.selenium.remote.HttpCommandExecutor.execute(HttpCommandExecutor.java:158)
at org.openqa.selenium.remote.service.DriverCommandExecutor.execute(DriverCommandExecutor.java:83)
at org.openqa.selenium.remote.RemoteWebDriver.execute(RemoteWebDriver.java:552)
at org.openqa.selenium.remote.RemoteWebDriver.findElement(RemoteWebDriver.java:323)
at org.openqa.selenium.remote.RemoteWebDriver.findElementByXPath(RemoteWebDriver.java:428)
at org.openqa.selenium.By$ByXPath.findElement(By.java:353)
at org.openqa.selenium.remote.RemoteWebDriver.findElement(RemoteWebDriver.java:315)
at common.WebAPI.clickByXpath(WebAPI.java:318)
at home_page.BBCHome.openPhotohraphyTab(BBCHome.java:152)
at test_page.BBCTest.verifyPhotographyTab(BBCTest.java:127)
at java.base/java.util.ArrayList.forEach(ArrayList.java:1541)
... Removed 35 stack frames]]>
    </failure>
  </testcase> <!-- verifyPhotographyTab -->
  <testcase classname="test_page.BBCTest" name="verifyStyleTab" time="7.773"/>
  <testcase classname="test_page.BBCTest" name="verifyTVTab" time="8.567"/>
  <testcase classname="test_page.BBCTest" name="verifyToOpenDetailMasterpiece" time="8.449"/>
  <testcase classname="test_page.BBCTest" name="verifyUltimateDiningExperience" time="20.712"/>
  <testcase classname="test_page.BBCTest" name="verifyWeLandedOnBBCHomePage" time="0.012"/>
  <testcase classname="test_page.BBCTest" name="verifyWhatDoYourDreamMeans" time="10.958"/>
  <testcase classname="test_page.BBCTest" name="verifyWhatYouDidnotKnowAboutColour" time="12.105"/>
  <testcase classname="test_page.BBCTest" name="verifylookingForDisnePageFound" time="16.646"/>
  <testcase classname="test_page.MoreMenuTabTest.MoreTabTest" name="verifyMoreMenuTabClik" time="0.358"/>
  <testcase classname="test_page.MoreMenuTabTest.MoreTabTest" name="verifyWeatherLink" time="4.013"/>
  <testcase classname="test_page.MoreMenuTabTest.MoreTabTest" name="verifyWeatherSearchByCity" time="0.0">
    <ignored/>
  </testcase> <!-- verifyWeatherSearchByCity -->
  <testcase classname="common.WebAPI" name="@AfterSuite generateReport" time="0.0">
    <ignored/>
  </testcase> <!-- @AfterSuite generateReport -->
  <testcase classname="common.WebAPI" name="@BeforeSuite extentSetup" time="0.0">
    <ignored/>
  </testcase> <!-- @BeforeSuite extentSetup -->
</testsuite> <!-- BBC Automation Test Script using multiple Browser Option -->
